<?xml version="1.0" encoding="UTF-8"?>
<!-- Generated by org.testng.reporters.JUnitReportReporter -->
<testsuite hostname="Vinod" failures="0" tests="1" name="mcpizza.test.mcpizza_chatbot2_POM" time="29.619" errors="0" timestamp="2023-03-20T23:39:29 IST" skipped="0">
  <testcase classname="mcpizza.test.mcpizza_chatbot2_POM" name="assignment" time="29.619"/>
  <system-out/>
</testsuite> <!-- mcpizza.test.mcpizza_chatbot2_POM -->
