<?xml version="1.0" encoding="UTF-8"?>
<!-- Generated by org.testng.reporters.JUnitReportReporter -->
<testsuite hostname="Vinod" failures="0" tests="1" name="mcpizza.test.mcpizza_chatBot_Assignment_Test" time="19.305" errors="0" timestamp="2023-03-20T23:43:01 IST" skipped="0">
  <testcase classname="mcpizza.test.mcpizza_chatBot_Assignment_Test" name="assignment" time="19.305"/>
  <system-out/>
</testsuite> <!-- mcpizza.test.mcpizza_chatBot_Assignment_Test -->
